<?xml version="1.0" encoding="UTF-8"?>
<!-- Generated by org.testng.reporters.JUnitReportReporter -->
<testsuite hostname="DESKTOP-1TEHGD1" failures="0" tests="1" name="org.test.com.LoginTest" time="1.910" errors="0" timestamp="2024-11-20T12:32:28 IST" skipped="0">
  <testcase classname="org.test.com.LoginTest" name="loginTc01" time="1.910"/>
</testsuite> <!-- org.test.com.LoginTest -->
