<?xml version="1.0" encoding="UTF-8"?>
<!-- Generated by org.testng.reporters.JUnitReportReporter -->
<testsuite hostname="DESKTOP-1TEHGD1" failures="0" tests="2" name="org.test.com.LoginTest" time="35.185" errors="0" timestamp="2024-12-03T22:05:04 IST" skipped="0">
  <testcase classname="org.test.com.LoginTest" name="loginTc01" time="22.043"/>
  <testcase classname="org.test.com.LoginTest" name="loginTc02" time="13.142"/>
</testsuite> <!-- org.test.com.LoginTest -->
