<?xml version="1.0" encoding="UTF-8"?>
<!-- Generated by org.testng.reporters.JUnitReportReporter -->
<testsuite hostname="DESKTOP-1TEHGD1" failures="0" tests="1" name="org.test.com.BookingTest" time="57.494" errors="0" timestamp="2024-11-22T21:31:15 IST" skipped="0">
  <testcase classname="org.test.com.BookingTest" name="bookOneWay" time="57.494"/>
</testsuite> <!-- org.test.com.BookingTest -->
