<?xml version="1.0" encoding="UTF-8"?>
<!-- Generated by org.testng.reporters.JUnitReportReporter -->
<testsuite hostname="DESKTOP-1TEHGD1" failures="0" tests="1" name="org.test.com.OtherFieldsTest" time="10.701" errors="0" timestamp="2024-12-03T21:24:05 IST" skipped="0">
  <testcase classname="org.test.com.OtherFieldsTest" name="checkTc01" time="10.701"/>
</testsuite> <!-- org.test.com.OtherFieldsTest -->
