<?xml version="1.0" encoding="UTF-8"?>
<!-- Generated by org.testng.reporters.JUnitReportReporter -->
<testsuite hostname="DESKTOP-1TEHGD1" failures="0" tests="2" name="org.test.com.SearchFlightTest" time="22.435" errors="0" timestamp="2024-12-03T22:11:20 IST" skipped="0">
  <testcase classname="org.test.com.SearchFlightTest" name="Tc01" time="11.046"/>
  <testcase classname="org.test.com.SearchFlightTest" name="Tc02" time="11.389"/>
</testsuite> <!-- org.test.com.SearchFlightTest -->
