<?xml version="1.0" encoding="UTF-8"?>
<!-- Generated by org.testng.reporters.JUnitReportReporter -->
<testsuite hostname="DESKTOP-1TEHGD1" failures="0" tests="1" name="org.test.com.SignupTest" time="7.397" errors="0" timestamp="2024-11-19T21:22:23 IST" skipped="0">
  <testcase classname="org.test.com.SignupTest" name="Tc01" time="7.397"/>
</testsuite> <!-- org.test.com.SignupTest -->
