<?xml version="1.0" encoding="UTF-8"?>
<!-- Generated by org.testng.reporters.JUnitReportReporter -->
<testsuite hostname="DESKTOP-1TEHGD1" failures="0" tests="1" name="org.test.com.SignupTest" time="21.013" errors="0" timestamp="2024-12-03T22:06:57 IST" skipped="0">
  <testcase classname="org.test.com.SignupTest" name="Tc01" time="21.013"/>
</testsuite> <!-- org.test.com.SignupTest -->
